<?xml version="1.0" encoding="UTF-8"?>
<!-- Generated by org.testng.reporters.JUnitReportReporter -->
<testsuite hostname="DESKTOP-HL4JRJF" failures="0" tests="1" name="com.facebook.qa.test.ProfilePageTest" time="49.839" errors="0" timestamp="2022-09-30T12:26:03 IST" skipped="0">
  <testcase classname="com.facebook.qa.test.ProfilePageTest" name="verifyHomePageTitleTest" time="49.839"/>
  <system-out/>
</testsuite> <!-- com.facebook.qa.test.ProfilePageTest -->
