<?xml version="1.0" encoding="UTF-8"?>
<!-- Generated by org.testng.reporters.JUnitReportReporter -->
<testsuite hostname="DESKTOP-HL4JRJF" failures="0" tests="1" name="com.facebook.qa.test.SignUpPageTest" time="27.534" errors="0" timestamp="2022-08-09T19:43:24 IST" skipped="0">
  <testcase classname="com.facebook.qa.test.SignUpPageTest" name="createNewAccountTest" time="27.534"/>
  <system-out/>
</testsuite> <!-- com.facebook.qa.test.SignUpPageTest -->
