<?xml version="1.0" encoding="UTF-8"?>
<!-- Generated by org.testng.reporters.JUnitReportReporter -->
<testsuite hostname="DESKTOP-HL4JRJF" failures="0" tests="4" name="com.facebook.qa.test.LoginPageTest" time="45.914" errors="0" timestamp="2022-08-12T01:48:06 IST" skipped="0">
  <testcase classname="com.facebook.qa.test.LoginPageTest" name="loginTest" time="11.474"/>
  <system-out/>
  <testcase classname="com.facebook.qa.test.LoginPageTest" name="loginTest" time="10.440"/>
  <system-out/>
  <testcase classname="com.facebook.qa.test.LoginPageTest" name="LoginPageTitle" time="11.103"/>
  <system-out/>
  <testcase classname="com.facebook.qa.test.LoginPageTest" name="loginTest" time="12.897"/>
  <system-out/>
</testsuite> <!-- com.facebook.qa.test.LoginPageTest -->
