<?xml version="1.0" encoding="UTF-8"?>
<!-- Generated by org.testng.reporters.JUnitReportReporter -->
<testsuite hostname="DESKTOP-HL4JRJF" failures="0" tests="1" name="com.facebook.qa.testng.TestNgAnnotations" time="0.010" errors="0" timestamp="2022-08-09T07:41:08 IST" skipped="0">
  <testcase classname="com.facebook.qa.testng.TestNgAnnotations" name="test" time="0.010"/>
  <system-out>
    <![CDATA[test]]>
  </system-out>
</testsuite> <!-- com.facebook.qa.testng.TestNgAnnotations -->
