<?xml version="1.0" encoding="UTF-8"?>
<!-- Generated by org.testng.reporters.JUnitReportReporter -->
<testsuite hostname="DESKTOP-HL4JRJF" failures="0" tests="1" name="com.facebook.qa.test.ProfilePageTest" time="46.903" errors="0" timestamp="2022-08-09T17:50:05 IST" skipped="0">
  <testcase classname="com.facebook.qa.test.ProfilePageTest" name="verifyProfilePageTest" time="46.903"/>
  <system-out/>
</testsuite> <!-- com.facebook.qa.test.ProfilePageTest -->
