<?xml version="1.0" encoding="UTF-8"?>
<!-- Generated by org.testng.reporters.JUnitReportReporter -->
<testsuite hostname="DESKTOP-HL4JRJF" failures="0" tests="4" name="com.facebook.qa.test.LoginPageTest" time="82.046" errors="0" timestamp="2022-08-12T20:53:42 IST" skipped="0">
  <testcase classname="com.facebook.qa.test.LoginPageTest" name="loginTest" time="26.759"/>
  <system-out/>
  <testcase classname="com.facebook.qa.test.LoginPageTest" name="loginTest" time="34.964"/>
  <system-out/>
  <testcase classname="com.facebook.qa.test.LoginPageTest" name="LoginPageTitle" time="8.825"/>
  <system-out/>
  <testcase classname="com.facebook.qa.test.LoginPageTest" name="loginTest" time="11.498"/>
  <system-out/>
</testsuite> <!-- com.facebook.qa.test.LoginPageTest -->
